<?xml version="1.0" encoding="UTF-8"?><testsuite name="nosetests" tests="4" errors="0" failures="0" skip="0"><testcase classname="pcars2.test.test.TestPacket" name="TestPacketType0" time="0.001"></testcase><testcase classname="pcars2.test.test.TestPacket" name="testPacketType3" time="0.000"></testcase><testcase classname="pcars2.test.test.TestPacket" name="testPacketType4" time="0.000"></testcase><testcase classname="pcars2.test.test.TestPacket" name="testPacketType7" time="0.001"></testcase></testsuite>